<?xml version="1.0" encoding="UTF-8"?>
<!-- Generated by org.testng.reporters.JUnitReportReporter -->
<testsuite hostname="LAPTOP-AATMGEGO" failures="0" tests="2" name="Test_Runner.TestNG" time="0.149" errors="0" timestamp="2021-12-26T15:22:52 IST" skipped="0">
  <testcase classname="Test_Runner.TestNG" name="runScenario" time="0.141"/>
  <system-out/>
  <testcase classname="Test_Runner.TestNG" name="runScenario" time="0.008"/>
  <system-out/>
</testsuite> <!-- Test_Runner.TestNG -->
